
Preço muito alto (5250.00000000), vamos comprar depois...
Não é hora de vender por valor fixado: 5500 ( actual:5202.01000000 / higher:5400.00000000)...
Moeda: BCH
Preço desejado para compra: 5100
Preço desejado para venda : 5500
Usando Stop Loss?   : Sim  (0.07%)
Usando Stop Profit? : Não

24-4-2018  13:56:22 PM

Preço muito alto (5179.00001000), vamos comprar depois...
Não é hora de vender por valor fixado: 5500 ( actual:5179.00000000 / higher:5400.00000000)...


Preço muito alto (5179.00001000), vamos comprar depois...
Não é hora de vender por valor fixado: 5500 ( actual:5150.00000000 / higher:5400.00000000)...
24-4-2018  13:56:51 PM

24-4-2018  13:57:21 PM

Preço muito alto (5179.00001000), vamos comprar depois...
Não é hora de vender por valor fixado: 5500 ( actual:5150.00000000 / higher:5400.00000000)...

24-4-2018  13:57:51 PM

Preço muito alto (5179.00001000), vamos comprar depois...
Não é hora de vender por valor fixado: 5500 ( actual:5151.00000000 / higher:5400.00000000)...
24-4-2018  13:58:22 PM

Preço muito alto (5179.00001000), vamos comprar depois...

Não é hora de vender por valor fixado: 5500 ( actual:5151.00000000 / higher:5400.00000000)...

24-4-2018  13:58:52 PM

Preço muito alto (5179.00000000), vamos comprar depois...
Não é hora de vender por valor fixado: 5500 ( actual:5151.00000000 / higher:5400.00000000)...

24-4-2018  13:59:22 PM

Preço muito alto (5178.99999000), vamos comprar depois...
Não é hora de vender por valor fixado: 5500 ( actual:5151.00000000 / higher:5400.00000000)...

24-4-2018  13:59:52 PM

Preço muito alto (5178.99998000), vamos comprar depois...
Não é hora de vender por valor fixado: 5500 ( actual:5151.00000000 / higher:5400.00000000)...

24-4-2018  14:00:22 PM

Preço muito alto (5178.99998000), vamos comprar depois...
Não é hora de vender por valor fixado: 5500 ( actual:5151.00000000 / higher:5400.00000000)...

24-4-2018  14:00:52 PM

Preço muito alto (5178.99996000), vamos comprar depois...
Não é hora de vender por valor fixado: 5500 ( actual:5151.00000000 / higher:5400.00000000)...

24-4-2018  14:01:22 PM
Preço muito alto (5178.99994000), vamos comprar depois...

Não é hora de vender por valor fixado: 5500 ( actual:5155.00000000 / higher:5400.00000000)...

24-4-2018  14:01:52 PM

Preço muito alto (5178.99994000), vamos comprar depois...
Não é hora de vender por valor fixado: 5500 ( actual:5155.00000000 / higher:5400.00000000)...

24-4-2018  14:02:22 PM
Preço muito alto (5178.99993000), vamos comprar depois...

Não é hora de vender por valor fixado: 5500 ( actual:5151.00000000 / higher:5400.00000000)...

24-4-2018  14:02:52 PM

Preço muito alto (5178.99992000), vamos comprar depois...
Não é hora de vender por valor fixado: 5500 ( actual:5151.00000000 / higher:5400.00000000)...

24-4-2018  14:03:22 PM

Preço muito alto (5178.99990000), vamos comprar depois...
Não é hora de vender por valor fixado: 5500 ( actual:5150.00000000 / higher:5400.00000000)...

24-4-2018  14:03:52 PM

Preço muito alto (5219.56000000), vamos comprar depois...
Não é hora de vender por valor fixado: 5500 ( actual:5150.00000000 / higher:5400.00000000)...

24-4-2018  14:04:22 PM
Preço muito alto (5219.00000000), vamos comprar depois...

Não é hora de vender por valor fixado: 5500 ( actual:5150.00000000 / higher:5400.00000000)...

24-4-2018  14:04:52 PM

Preço muito alto (5219.00000000), vamos comprar depois...
Não é hora de vender por valor fixado: 5500 ( actual:5150.00000000 / higher:5400.00000000)...

24-4-2018  14:05:22 PM
Preço muito alto (5208.58000000), vamos comprar depois...

Não é hora de vender por valor fixado: 5500 ( actual:5151.13130000 / higher:5400.00000000)...
24-4-2018  14:05:52 PM

Preço muito alto (5208.58000000), vamos comprar depois...

Não é hora de vender por valor fixado: 5500 ( actual:5151.13130000 / higher:5400.00000000)...

24-4-2018  14:06:22 PM

Preço muito alto (5208.58000000), vamos comprar depois...
Não é hora de vender por valor fixado: 5500 ( actual:5152.00000000 / higher:5400.00000000)...

24-4-2018  14:06:52 PM

Preço muito alto (5244.00000000), vamos comprar depois...
Não é hora de vender por valor fixado: 5500 ( actual:5152.00000000 / higher:5400.00000000)...

24-4-2018  14:07:22 PM

Preço muito alto (5244.00000000), vamos comprar depois...
Não é hora de vender por valor fixado: 5500 ( actual:5152.00000000 / higher:5400.00000000)...

24-4-2018  14:07:52 PM

Preço muito alto (5233.53000000), vamos comprar depois...
Não é hora de vender por valor fixado: 5500 ( actual:5153.49940000 / higher:5400.00000000)...

24-4-2018  14:08:22 PM
Preço muito alto (5233.53000000), vamos comprar depois...

Não é hora de vender por valor fixado: 5500 ( actual:5160.00001000 / higher:5400.00000000)...

24-4-2018  14:08:52 PM

Preço muito alto (5233.53000000), vamos comprar depois...
Não é hora de vender por valor fixado: 5500 ( actual:5180.00000000 / higher:5400.00000000)...

24-4-2018  14:09:22 PM

Preço muito alto (5233.53000000), vamos comprar depois...
Não é hora de vender por valor fixado: 5500 ( actual:5180.00001000 / higher:5400.00000000)...

24-4-2018  14:09:52 PM

Preço muito alto (5233.53000000), vamos comprar depois...
Não é hora de vender por valor fixado: 5500 ( actual:5180.00001000 / higher:5400.00000000)...

24-4-2018  14:10:22 PM

Não é hora de vender por valor fixado: 5500 ( actual:5180.00001000 / higher:5400.00000000)...
Preço muito alto (5233.53000000), vamos comprar depois...

24-4-2018  14:10:52 PM

Preço muito alto (5233.53000000), vamos comprar depois...
Não é hora de vender por valor fixado: 5500 ( actual:5180.00001000 / higher:5400.00000000)...

24-4-2018  14:11:22 PM
Preço muito alto (5233.53000000), vamos comprar depois...

Não é hora de vender por valor fixado: 5500 ( actual:5180.00001000 / higher:5400.00000000)...

24-4-2018  14:11:52 PM

Preço muito alto (5233.53000000), vamos comprar depois...
Não é hora de vender por valor fixado: 5500 ( actual:5180.00001000 / higher:5400.00000000)...

24-4-2018  14:12:22 PM

Preço muito alto (5233.53000000), vamos comprar depois...
Não é hora de vender por valor fixado: 5500 ( actual:5180.00001000 / higher:5400.00000000)...

24-4-2018  14:12:52 PM

Preço muito alto (5240.00000000), vamos comprar depois...
Não é hora de vender por valor fixado: 5500 ( actual:5180.00001000 / higher:5400.00000000)...

24-4-2018  14:13:22 PM

Preço muito alto (5240.00000000), vamos comprar depois...
Não é hora de vender por valor fixado: 5500 ( actual:5180.00001000 / higher:5400.00000000)...

24-4-2018  14:13:52 PM

Preço muito alto (5243.99000000), vamos comprar depois...
Não é hora de vender por valor fixado: 5500 ( actual:5240.00000000 / higher:5400.00000000)...
24-4-2018  14:14:22 PM

Preço muito alto (5229.53999000), vamos comprar depois...

Não é hora de vender por valor fixado: 5500 ( actual:5180.00001000 / higher:5400.00000000)...


Preço muito alto (5229.53999000), vamos comprar depois...
24-4-2018  14:14:52 PM
Não é hora de vender por valor fixado: 5500 ( actual:5180.00001000 / higher:5400.00000000)...

24-4-2018  14:15:22 PM
Preço muito alto (5229.53999000), vamos comprar depois...

Não é hora de vender por valor fixado: 5500 ( actual:5180.00000000 / higher:5400.00000000)...

24-4-2018  14:15:52 PM

Preço muito alto (5234.99999000), vamos comprar depois...
Não é hora de vender por valor fixado: 5500 ( actual:5180.00001000 / higher:5400.00000000)...

24-4-2018  14:16:22 PM

Preço muito alto (5224.55000000), vamos comprar depois...
Não é hora de vender por valor fixado: 5500 ( actual:5180.00001000 / higher:5400.00000000)...

24-4-2018  14:16:52 PM

Preço muito alto (5224.54999000), vamos comprar depois...
Não é hora de vender por valor fixado: 5500 ( actual:5180.00001000 / higher:5400.00000000)...

24-4-2018  14:17:22 PM

Preço muito alto (5224.54999000), vamos comprar depois...
Não é hora de vender por valor fixado: 5500 ( actual:5180.00001000 / higher:5400.00000000)...
24-4-2018  14:17:52 PM


Preço muito alto (5235.00000000), vamos comprar depois...
Não é hora de vender por valor fixado: 5500 ( actual:5180.00001000 / higher:5400.00000000)...
24-4-2018  14:18:22 PM

Preço muito alto (5235.00000000), vamos comprar depois...

Não é hora de vender por valor fixado: 5500 ( actual:5180.00001000 / higher:5400.00000000)...

24-4-2018  14:18:52 PM

Preço muito alto (5224.55000000), vamos comprar depois...
Não é hora de vender por valor fixado: 5500 ( actual:5180.00001000 / higher:5400.00000000)...

24-4-2018  14:19:22 PM

Preço muito alto (5239.99999000), vamos comprar depois...
Não é hora de vender por valor fixado: 5500 ( actual:5180.00004000 / higher:5400.00000000)...

24-4-2018  14:19:52 PM

Preço muito alto (5239.99999000), vamos comprar depois...
Não é hora de vender por valor fixado: 5500 ( actual:5180.00004000 / higher:5400.00000000)...

24-4-2018  14:20:22 PM

Preço muito alto (5229.53999000), vamos comprar depois...
Não é hora de vender por valor fixado: 5500 ( actual:5180.00004000 / higher:5400.00000000)...
24-4-2018  14:20:52 PM

Preço muito alto (5229.53999000), vamos comprar depois...

Não é hora de vender por valor fixado: 5500 ( actual:5181.00000000 / higher:5400.00000000)...

24-4-2018  14:21:22 PM

Preço muito alto (5229.53999000), vamos comprar depois...
Não é hora de vender por valor fixado: 5500 ( actual:5195.00000000 / higher:5400.00000000)...

24-4-2018  14:21:52 PM
Preço muito alto (5229.53999000), vamos comprar depois...

Não é hora de vender por valor fixado: 5500 ( actual:5195.00001000 / higher:5400.00000000)...

24-4-2018  14:22:22 PM

Preço muito alto (5229.53999000), vamos comprar depois...
Não é hora de vender por valor fixado: 5500 ( actual:5195.00001000 / higher:5400.00000000)...

24-4-2018  14:22:52 PM

Preço muito alto (5229.53999000), vamos comprar depois...
Não é hora de vender por valor fixado: 5500 ( actual:5195.01940000 / higher:5400.00000000)...

24-4-2018  14:23:22 PM

Preço muito alto (5239.99999000), vamos comprar depois...
Não é hora de vender por valor fixado: 5500 ( actual:5229.54000000 / higher:5400.00000000)...

24-4-2018  14:23:52 PM

Preço muito alto (5239.99999000), vamos comprar depois...
Não é hora de vender por valor fixado: 5500 ( actual:5229.54000000 / higher:5400.00000000)...

24-4-2018  14:24:22 PM

Preço muito alto (5239.99999000), vamos comprar depois...
Não é hora de vender por valor fixado: 5500 ( actual:5229.54000000 / higher:5400.00000000)...

24-4-2018  14:24:52 PM

Preço muito alto (5239.99999000), vamos comprar depois...
Não é hora de vender por valor fixado: 5500 ( actual:5229.54000000 / higher:5400.00000000)...
24-4-2018  14:25:22 PM

Preço muito alto (5239.99999000), vamos comprar depois...
Não é hora de vender por valor fixado: 5500 ( actual:5180.19491000 / higher:5400.00000000)...

24-4-2018  14:25:52 PM


Preço muito alto (5239.99998000), vamos comprar depois...
Não é hora de vender por valor fixado: 5500 ( actual:5180.19490000 / higher:5400.00000000)...

24-4-2018  14:26:22 PM

Não é hora de vender por valor fixado: 5500 ( actual:5180.19491000 / higher:5400.00000000)...
Preço muito alto (5239.99998000), vamos comprar depois...


Preço muito alto (5239.99998000), vamos comprar depois...
Não é hora de vender por valor fixado: 5500 ( actual:5181.00000000 / higher:5400.00000000)...
24-4-2018  14:26:52 PM

24-4-2018  14:27:22 PM

Não é hora de vender por valor fixado: 5500 ( actual:5200.00000000 / higher:5400.00000000)...
Preço muito alto (5239.99999000), vamos comprar depois...
24-4-2018  14:27:52 PM


Não é hora de vender por valor fixado: 5500 ( actual:5200.00000000 / higher:5400.00000000)...
Preço muito alto (5240.00000000), vamos comprar depois...

24-4-2018  14:28:22 PM

Não é hora de vender por valor fixado: 5500 ( actual:5200.00000000 / higher:5400.00000000)...
Preço muito alto (5240.00000000), vamos comprar depois...

24-4-2018  14:28:52 PM

Não é hora de vender por valor fixado: 5500 ( actual:5200.01010000 / higher:5400.00000000)...
Preço muito alto (5239.00000000), vamos comprar depois...

24-4-2018  14:29:22 PM

Preço muito alto (5239.00000000), vamos comprar depois...
Não é hora de vender por valor fixado: 5500 ( actual:5200.01010000 / higher:5400.00000000)...

24-4-2018  14:29:52 PM

Não é hora de vender por valor fixado: 5500 ( actual:5200.01010000 / higher:5400.00000000)...
Preço muito alto (5239.00000000), vamos comprar depois...

24-4-2018  14:30:22 PM

Preço muito alto (5239.00000000), vamos comprar depois...
Não é hora de vender por valor fixado: 5500 ( actual:5200.01010000 / higher:5400.00000000)...
24-4-2018  14:30:52 PM


Preço muito alto (5239.00000000), vamos comprar depois...
Não é hora de vender por valor fixado: 5500 ( actual:5200.01010000 / higher:5400.00000000)...

24-4-2018  14:31:22 PM
Preço muito alto (5239.00000000), vamos comprar depois...

Não é hora de vender por valor fixado: 5500 ( actual:5200.01010000 / higher:5400.00000000)...
24-4-2018  14:31:52 PM


Não é hora de vender por valor fixado: 5500 ( actual:5200.01010000 / higher:5400.00000000)...
Preço muito alto (5239.00000000), vamos comprar depois...


Preço muito alto (5239.00000000), vamos comprar depois...
24-4-2018  14:32:22 PM
Não é hora de vender por valor fixado: 5500 ( actual:5200.01010000 / higher:5400.00000000)...

24-4-2018  14:32:52 PM

Não é hora de vender por valor fixado: 5500 ( actual:5200.01010000 / higher:5400.00000000)...
Preço muito alto (5239.00000000), vamos comprar depois...

24-4-2018  14:33:22 PM

Não é hora de vender por valor fixado: 5500 ( actual:5200.01010000 / higher:5400.00000000)...
Preço muito alto (5239.00000000), vamos comprar depois...
24-4-2018  14:33:52 PM


Preço muito alto (5239.00000000), vamos comprar depois...
Não é hora de vender por valor fixado: 5500 ( actual:5200.01010000 / higher:5400.00000000)...

Preço muito alto (5239.00000000), vamos comprar depois...

Não é hora de vender por valor fixado: 5500 ( actual:5200.01010000 / higher:5400.00000000)...
24-4-2018  14:34:22 PM


24-4-2018  14:34:52 PM
Preço muito alto (5239.00000000), vamos comprar depois...
Não é hora de vender por valor fixado: 5500 ( actual:5200.01010000 / higher:5400.00000000)...

24-4-2018  14:35:22 PM

Não é hora de vender por valor fixado: 5500 ( actual:5181.00001000 / higher:5400.00000000)...
Preço muito alto (5239.00000000), vamos comprar depois...

24-4-2018  14:35:52 PM
Preço muito alto (5240.00000000), vamos comprar depois...

Não é hora de vender por valor fixado: 5500 ( actual:5181.00001000 / higher:5400.00000000)...
24-4-2018  14:36:22 PM

Preço muito alto (5240.00000000), vamos comprar depois...

Não é hora de vender por valor fixado: 5500 ( actual:5181.00001000 / higher:5400.00000000)...

Preço muito alto (5241.99999000), vamos comprar depois...

Não é hora de vender por valor fixado: 5500 ( actual:5181.00001000 / higher:5400.00000000)...
24-4-2018  14:36:55 PM


24-4-2018  14:37:22 PM
Não é hora de vender por valor fixado: 5500 ( actual:5182.00001000 / higher:5400.00000000)...
Preço muito alto (5243.99000000), vamos comprar depois...

24-4-2018  14:37:52 PM
Preço muito alto (5243.99000000), vamos comprar depois...
Não é hora de vender por valor fixado: 5500 ( actual:5182.00000000 / higher:5400.00000000)...



24-4-2018  14:38:22 PM
Preço muito alto (5233.52000000), vamos comprar depois...
Não é hora de vender por valor fixado: 5500 ( actual:5182.00001000 / higher:5400.00000000)...
24-4-2018  14:38:52 PM


Preço muito alto (5233.52000000), vamos comprar depois...
Não é hora de vender por valor fixado: 5500 ( actual:5185.00000000 / higher:5400.00000000)...
24-4-2018  14:39:22 PM


Preço muito alto (5233.52000000), vamos comprar depois...
Não é hora de vender por valor fixado: 5500 ( actual:5185.01011000 / higher:5400.00000000)...

24-4-2018  14:39:52 PM
Preço muito alto (5233.52000000), vamos comprar depois...
Não é hora de vender por valor fixado: 5500 ( actual:5185.01012000 / higher:5400.00000000)...



24-4-2018  14:40:22 PM
Não é hora de vender por valor fixado: 5500 ( actual:5185.01012000 / higher:5400.00000000)...
Preço muito alto (5233.52000000), vamos comprar depois...


Preço muito alto (5233.52000000), vamos comprar depois...
24-4-2018  14:40:52 PM
Não é hora de vender por valor fixado: 5500 ( actual:5185.01012000 / higher:5400.00000000)...
24-4-2018  14:41:22 PM


Preço muito alto (5233.51999000), vamos comprar depois...
Não é hora de vender por valor fixado: 5500 ( actual:5185.01012000 / higher:5400.00000000)...
24-4-2018  14:41:52 PM

Não é hora de vender por valor fixado: 5500 ( actual:5185.01012000 / higher:5400.00000000)...

Preço muito alto (5233.51999000), vamos comprar depois...


Preço muito alto (5233.51999000), vamos comprar depois...
Não é hora de vender por valor fixado: 5500 ( actual:5185.01012000 / higher:5400.00000000)...
24-4-2018  14:42:22 PM
24-4-2018  14:42:52 PM

Preço muito alto (5233.51999000), vamos comprar depois...

Não é hora de vender por valor fixado: 5500 ( actual:5185.01012000 / higher:5400.00000000)...
24-4-2018  14:43:22 PM


Preço muito alto (5233.51999000), vamos comprar depois...
Não é hora de vender por valor fixado: 5500 ( actual:5185.01012000 / higher:5400.00000000)...

24-4-2018  14:43:52 PM
Preço muito alto (5233.51999000), vamos comprar depois...

Não é hora de vender por valor fixado: 5500 ( actual:5185.01012000 / higher:5400.00000000)...

24-4-2018  14:44:22 PM

Preço muito alto (5233.51999000), vamos comprar depois...
Não é hora de vender por valor fixado: 5500 ( actual:5185.01012000 / higher:5400.00000000)...
24-4-2018  14:44:52 PM

Preço muito alto (5233.51999000), vamos comprar depois...
Não é hora de vender por valor fixado: 5500 ( actual:5185.01011000 / higher:5400.00000000)...



Preço muito alto (5233.51999000), vamos comprar depois...
24-4-2018  14:45:22 PM
Não é hora de vender por valor fixado: 5500 ( actual:5186.00000000 / higher:5400.00000000)...

24-4-2018  14:45:52 PM

Preço muito alto (5233.51999000), vamos comprar depois...
Não é hora de vender por valor fixado: 5500 ( actual:5186.00001000 / higher:5400.00000000)...
24-4-2018  14:46:22 PM


Preço muito alto (5240.00000000), vamos comprar depois...
Não é hora de vender por valor fixado: 5500 ( actual:5187.18001000 / higher:5400.00000000)...
24-4-2018  14:46:52 PM


Preço muito alto (5239.00000000), vamos comprar depois...
Não é hora de vender por valor fixado: 5500 ( actual:5187.18001000 / higher:5400.00000000)...


24-4-2018  14:47:22 PM
Não é hora de vender por valor fixado: 5500 ( actual:5187.18000000 / higher:5400.00000000)...
Preço muito alto (5239.00000000), vamos comprar depois...

24-4-2018  14:47:52 PM
Preço muito alto (5228.54000000), vamos comprar depois...

Não é hora de vender por valor fixado: 5500 ( actual:5187.20001000 / higher:5400.00000000)...

24-4-2018  14:48:22 PM

Não é hora de vender por valor fixado: 5500 ( actual:5190.00001000 / higher:5400.00000000)...
Preço muito alto (5228.54000000), vamos comprar depois...
24-4-2018  14:48:52 PM


Não é hora de vender por valor fixado: 5500 ( actual:5200.00000000 / higher:5400.00000000)...
Preço muito alto (5228.54000000), vamos comprar depois...
24-4-2018  14:49:22 PM


Não é hora de vender por valor fixado: 5500 ( actual:5200.00000000 / higher:5400.00000000)...
Preço muito alto (5218.10000000), vamos comprar depois...

24-4-2018  14:49:53 PM

Preço muito alto (5218.10000000), vamos comprar depois...
Não é hora de vender por valor fixado: 5500 ( actual:5200.00000000 / higher:5400.00000000)...
24-4-2018  14:50:22 PM

Não é hora de vender por valor fixado: 5500 ( actual:5200.00000000 / higher:5400.00000000)...
Preço muito alto (5218.10000000), vamos comprar depois...

24-4-2018  14:50:52 PM


Preço muito alto (5218.10000000), vamos comprar depois...
Não é hora de vender por valor fixado: 5500 ( actual:5190.00000000 / higher:5400.00000000)...

24-4-2018  14:51:22 PM

Preço muito alto (5218.10000000), vamos comprar depois...
Não é hora de vender por valor fixado: 5500 ( actual:5190.00000000 / higher:5400.00000000)...

24-4-2018  14:51:52 PM

Preço muito alto (5218.10000000), vamos comprar depois...
Não é hora de vender por valor fixado: 5500 ( actual:5190.00000000 / higher:5400.00000000)...

24-4-2018  14:52:22 PM

Não é hora de vender por valor fixado: 5500 ( actual:5190.00000000 / higher:5400.00000000)...
Preço muito alto (5218.10000000), vamos comprar depois...

24-4-2018  14:52:53 PM

Não é hora de vender por valor fixado: 5500 ( actual:5200.00000000 / higher:5400.00000000)...
Preço muito alto (5218.10000000), vamos comprar depois...

24-4-2018  14:53:22 PM

Preço muito alto (5218.10000000), vamos comprar depois...
Não é hora de vender por valor fixado: 5500 ( actual:5200.00000000 / higher:5400.00000000)...

24-4-2018  14:53:52 PM
Preço muito alto (5218.10000000), vamos comprar depois...
Não é hora de vender por valor fixado: 5500 ( actual:5200.00000000 / higher:5400.00000000)...


24-4-2018  14:54:22 PM

Preço muito alto (5218.09999000), vamos comprar depois...
Não é hora de vender por valor fixado: 5500 ( actual:5191.71000000 / higher:5400.00000000)...

24-4-2018  14:54:53 PM

Preço muito alto (5218.09999000), vamos comprar depois...
Não é hora de vender por valor fixado: 5500 ( actual:5185.01012000 / higher:5400.00000000)...

24-4-2018  14:55:22 PM

Preço muito alto (5218.09999000), vamos comprar depois...
Não é hora de vender por valor fixado: 5500 ( actual:5185.01012000 / higher:5400.00000000)...


24-4-2018  14:55:53 PM
Não é hora de vender por valor fixado: 5500 ( actual:5185.01011000 / higher:5400.00000000)...
Preço muito alto (5218.10000000), vamos comprar depois...


24-4-2018  14:56:22 PM
Não é hora de vender por valor fixado: 5500 ( actual:5190.00001000 / higher:5400.00000000)...
Preço muito alto (5239.00000000), vamos comprar depois...

24-4-2018  14:57:02 PM
Preço muito alto (5239.00000000), vamos comprar depois...
Não é hora de vender por valor fixado: 5500 ( actual:5195.00001000 / higher:5400.00000000)...

24-4-2018  14:57:22 PM

Preço muito alto (5239.00000000), vamos comprar depois...

Não é hora de vender por valor fixado: 5500 ( actual:5195.00001000 / higher:5400.00000000)...

24-4-2018  14:58:02 PM

Preço muito alto (5239.00000000), vamos comprar depois...
Não é hora de vender por valor fixado: 5500 ( actual:5186.97001000 / higher:5400.00000000)...

24-4-2018  14:58:23 PM

Preço muito alto (5239.00000000), vamos comprar depois...
Não é hora de vender por valor fixado: 5500 ( actual:5191.00000000 / higher:5400.00000000)...

24-4-2018  14:58:52 PM

Preço muito alto (5239.00000000), vamos comprar depois...
Não é hora de vender por valor fixado: 5500 ( actual:5200.00000000 / higher:5400.00000000)...

24-4-2018  14:59:23 PM

Preço muito alto (5239.00000000), vamos comprar depois...
Não é hora de vender por valor fixado: 5500 ( actual:5200.00001000 / higher:5400.00000000)...
24-4-2018  14:59:53 PM


Preço muito alto (5238.99999000), vamos comprar depois...
Não é hora de vender por valor fixado: 5500 ( actual:5192.00001000 / higher:5400.00000000)...

24-4-2018  15:00:23 PM

Preço muito alto (5239.00000000), vamos comprar depois...
Não é hora de vender por valor fixado: 5500 ( actual:5192.00001000 / higher:5400.00000000)...

24-4-2018  15:00:53 PM

Preço muito alto (5239.99000000), vamos comprar depois...
Não é hora de vender por valor fixado: 5500 ( actual:5239.00000000 / higher:5400.00000000)...

24-4-2018  15:01:23 PM

Preço muito alto (5239.99000000), vamos comprar depois...
Não é hora de vender por valor fixado: 5500 ( actual:5239.00000000 / higher:5400.00000000)...

24-4-2018  15:01:53 PM

Preço muito alto (5239.99000000), vamos comprar depois...
Não é hora de vender por valor fixado: 5500 ( actual:5200.00000000 / higher:5400.00000000)...

24-4-2018  15:02:23 PM

Não é hora de vender por valor fixado: 5500 ( actual:5201.26585000 / higher:5400.00000000)...
Preço muito alto (5239.98999000), vamos comprar depois...

24-4-2018  15:02:53 PM

Preço muito alto (5239.98999000), vamos comprar depois...
Não é hora de vender por valor fixado: 5500 ( actual:5201.26586000 / higher:5400.00000000)...
24-4-2018  15:03:23 PM


Preço muito alto (5239.98999000), vamos comprar depois...
Não é hora de vender por valor fixado: 5500 ( actual:5201.26586000 / higher:5400.00000000)...


24-4-2018  15:03:53 PM
Preço muito alto (5239.98999000), vamos comprar depois...
Não é hora de vender por valor fixado: 5500 ( actual:5205.00001000 / higher:5400.00000000)...
24-4-2018  15:04:23 PM


Preço muito alto (5239.98999000), vamos comprar depois...
Não é hora de vender por valor fixado: 5500 ( actual:5205.00000000 / higher:5400.00000000)...

24-4-2018  15:04:53 PM

Preço muito alto (5201.26586000), vamos comprar depois...
Não é hora de vender por valor fixado: 5500 ( actual:5201.26585000 / higher:5400.00000000)...

24-4-2018  15:05:23 PM

Não é hora de vender por valor fixado: 5500 ( actual:5200.00000000 / higher:5400.00000000)...
Preço muito alto (5201.26585000), vamos comprar depois...

24-4-2018  15:05:53 PM

Preço muito alto (5200.00000000), vamos comprar depois...
Não é hora de vender por valor fixado: 5500 ( actual:5186.97000000 / higher:5400.00000000)...

24-4-2018  15:06:23 PM

Preço muito alto (5239.98999000), vamos comprar depois...
Não é hora de vender por valor fixado: 5500 ( actual:5186.97001000 / higher:5400.00000000)...

24-4-2018  15:06:53 PM

Preço muito alto (5234.99999000), vamos comprar depois...
Não é hora de vender por valor fixado: 5500 ( actual:5186.97001000 / higher:5400.00000000)...

24-4-2018  15:07:23 PM

Preço muito alto (5229.00000000), vamos comprar depois...
Não é hora de vender por valor fixado: 5500 ( actual:5186.97001000 / higher:5400.00000000)...

24-4-2018  15:07:53 PM

Preço muito alto (5229.00000000), vamos comprar depois...
Não é hora de vender por valor fixado: 5500 ( actual:5186.97001000 / higher:5400.00000000)...
24-4-2018  15:08:23 PM


Preço muito alto (5228.99999000), vamos comprar depois...
Não é hora de vender por valor fixado: 5500 ( actual:5186.97001000 / higher:5400.00000000)...

24-4-2018  15:08:53 PM

Preço muito alto (5220.00000000), vamos comprar depois...
Não é hora de vender por valor fixado: 5500 ( actual:5186.97001000 / higher:5400.00000000)...

24-4-2018  15:09:23 PM

Preço muito alto (5220.00000000), vamos comprar depois...
Não é hora de vender por valor fixado: 5500 ( actual:5186.97001000 / higher:5400.00000000)...
24-4-2018  15:09:53 PM


Preço muito alto (5220.00000000), vamos comprar depois...
Não é hora de vender por valor fixado: 5500 ( actual:5186.97001000 / higher:5400.00000000)...

24-4-2018  15:10:23 PM

Preço muito alto (5209.58000000), vamos comprar depois...
Não é hora de vender por valor fixado: 5500 ( actual:5185.01011000 / higher:5400.00000000)...

24-4-2018  15:10:53 PM

Preço muito alto (5209.58000000), vamos comprar depois...
Não é hora de vender por valor fixado: 5500 ( actual:5185.01011000 / higher:5400.00000000)...
24-4-2018  15:11:23 PM


Preço muito alto (5209.58000000), vamos comprar depois...
Não é hora de vender por valor fixado: 5500 ( actual:5185.01011000 / higher:5400.00000000)...

24-4-2018  15:11:53 PM

Preço muito alto (5205.01011000), vamos comprar depois...
Não é hora de vender por valor fixado: 5500 ( actual:5185.01011000 / higher:5400.00000000)...

24-4-2018  15:12:23 PM

Preço muito alto (5205.01011000), vamos comprar depois...
Não é hora de vender por valor fixado: 5500 ( actual:5186.48000000 / higher:5400.00000000)...

24-4-2018  15:12:53 PM

Não é hora de vender por valor fixado: 5500 ( actual:5186.48000000 / higher:5400.00000000)...
Preço muito alto (5205.01011000), vamos comprar depois...

Preço muito alto (5205.01011000), vamos comprar depois...
24-4-2018  15:13:23 PM

Não é hora de vender por valor fixado: 5500 ( actual:5186.48000000 / higher:5400.00000000)...
24-4-2018  15:13:53 PM

Preço muito alto (5205.01011000), vamos comprar depois...

Não é hora de vender por valor fixado: 5500 ( actual:5186.48000000 / higher:5400.00000000)...
24-4-2018  15:14:23 PM

Preço muito alto (5205.01011000), vamos comprar depois...

Não é hora de vender por valor fixado: 5500 ( actual:5186.48000000 / higher:5400.00000000)...

24-4-2018  15:14:53 PM
Preço muito alto (5205.01011000), vamos comprar depois...

Não é hora de vender por valor fixado: 5500 ( actual:5186.48000000 / higher:5400.00000000)...

24-4-2018  15:15:23 PM

Preço muito alto (5205.01011000), vamos comprar depois...
Não é hora de vender por valor fixado: 5500 ( actual:5185.01011000 / higher:5400.00000000)...
24-4-2018  15:15:53 PM


Preço muito alto (5205.01011000), vamos comprar depois...
Não é hora de vender por valor fixado: 5500 ( actual:5185.01011000 / higher:5400.00000000)...

24-4-2018  15:16:23 PM

Preço muito alto (5205.01011000), vamos comprar depois...
Não é hora de vender por valor fixado: 5500 ( actual:5185.01011000 / higher:5400.00000000)...
24-4-2018  15:16:53 PM


Preço muito alto (5205.01011000), vamos comprar depois...
Não é hora de vender por valor fixado: 5500 ( actual:5185.10000000 / higher:5400.00000000)...
24-4-2018  15:17:23 PM


Preço muito alto (5205.01011000), vamos comprar depois...
Não é hora de vender por valor fixado: 5500 ( actual:5185.10000000 / higher:5400.00000000)...

24-4-2018  15:17:53 PM

Preço muito alto (5205.01011000), vamos comprar depois...
Não é hora de vender por valor fixado: 5500 ( actual:5185.10000000 / higher:5400.00000000)...

24-4-2018  15:18:23 PM

Preço muito alto (5205.01011000), vamos comprar depois...
Não é hora de vender por valor fixado: 5500 ( actual:5185.10000000 / higher:5400.00000000)...
24-4-2018  15:18:53 PM


Preço muito alto (5209.58000000), vamos comprar depois...
Não é hora de vender por valor fixado: 5500 ( actual:5185.10000000 / higher:5400.00000000)...
24-4-2018  15:19:23 PM


Preço muito alto (5209.58000000), vamos comprar depois...
Não é hora de vender por valor fixado: 5500 ( actual:5185.01011000 / higher:5400.00000000)...

24-4-2018  15:19:53 PM

Preço muito alto (5209.58000000), vamos comprar depois...
Não é hora de vender por valor fixado: 5500 ( actual:5185.01011000 / higher:5400.00000000)...
24-4-2018  15:20:23 PM


Preço muito alto (5209.58000000), vamos comprar depois...
Não é hora de vender por valor fixado: 5500 ( actual:5185.01011000 / higher:5400.00000000)...

24-4-2018  15:20:53 PM

Preço muito alto (5209.58000000), vamos comprar depois...
Não é hora de vender por valor fixado: 5500 ( actual:5185.01011000 / higher:5400.00000000)...

24-4-2018  15:21:23 PM

Preço muito alto (5209.58000000), vamos comprar depois...
Não é hora de vender por valor fixado: 5500 ( actual:5185.01011000 / higher:5400.00000000)...

24-4-2018  15:21:53 PM

Preço muito alto (5209.58000000), vamos comprar depois...
Não é hora de vender por valor fixado: 5500 ( actual:5185.01011000 / higher:5400.00000000)...


24-4-2018  15:22:23 PM
Preço muito alto (5209.58000000), vamos comprar depois...
Não é hora de vender por valor fixado: 5500 ( actual:5185.01011000 / higher:5400.00000000)...

24-4-2018  15:22:53 PM

Preço muito alto (5238.00000000), vamos comprar depois...
Não é hora de vender por valor fixado: 5500 ( actual:5185.10000000 / higher:5400.00000000)...

24-4-2018  15:23:23 PM

Preço muito alto (5237.99999000), vamos comprar depois...
Não é hora de vender por valor fixado: 5500 ( actual:5185.10001000 / higher:5400.00000000)...

24-4-2018  15:23:53 PM

Preço muito alto (5199.18000000), vamos comprar depois...
Não é hora de vender por valor fixado: 5500 ( actual:5185.10001000 / higher:5400.00000000)...

24-4-2018  15:24:23 PM

Preço muito alto (5199.18000000), vamos comprar depois...
Não é hora de vender por valor fixado: 5500 ( actual:5185.10000000 / higher:5400.00000000)...

24-4-2018  15:24:53 PM

Preço muito alto (5199.18000000), vamos comprar depois...
Não é hora de vender por valor fixado: 5500 ( actual:5185.10000000 / higher:5400.00000000)...

24-4-2018  15:25:23 PM

Preço muito alto (5199.18000000), vamos comprar depois...
Não é hora de vender por valor fixado: 5500 ( actual:5185.10000000 / higher:5400.00000000)...

24-4-2018  15:25:53 PM

Não é hora de vender por valor fixado: 5500 ( actual:5185.01011000 / higher:5400.00000000)...
Preço muito alto (5199.18000000), vamos comprar depois...
24-4-2018  15:26:23 PM


Preço muito alto (5199.18000000), vamos comprar depois...
Não é hora de vender por valor fixado: 5500 ( actual:5185.01011000 / higher:5400.00000000)...
24-4-2018  15:26:53 PM


Preço muito alto (5199.18000000), vamos comprar depois...
Não é hora de vender por valor fixado: 5500 ( actual:5180.00003000 / higher:5400.00000000)...
24-4-2018  15:27:23 PM


Preço muito alto (5199.18000000), vamos comprar depois...
Não é hora de vender por valor fixado: 5500 ( actual:5180.00003000 / higher:5400.00000000)...

24-4-2018  15:27:53 PM

Não é hora de vender por valor fixado: 5500 ( actual:5180.00003000 / higher:5400.00000000)...
Preço muito alto (5199.18000000), vamos comprar depois...

24-4-2018  15:28:23 PM

Preço muito alto (5199.18000000), vamos comprar depois...
Não é hora de vender por valor fixado: 5500 ( actual:5180.00003000 / higher:5400.00000000)...
24-4-2018  15:28:53 PM

Preço muito alto (5199.18000000), vamos comprar depois...
Não é hora de vender por valor fixado: 5500 ( actual:5180.00003000 / higher:5400.00000000)...


24-4-2018  15:29:23 PM

Preço muito alto (5199.18000000), vamos comprar depois...
Não é hora de vender por valor fixado: 5500 ( actual:5180.00003000 / higher:5400.00000000)...
24-4-2018  15:29:53 PM
Preço muito alto (5199.18000000), vamos comprar depois...


Não é hora de vender por valor fixado: 5500 ( actual:5180.00003000 / higher:5400.00000000)...
24-4-2018  15:30:23 PM


Não é hora de vender por valor fixado: 5500 ( actual:5180.00003000 / higher:5400.00000000)...
Preço muito alto (5199.18000000), vamos comprar depois...

24-4-2018  15:30:53 PM

Preço muito alto (5199.18000000), vamos comprar depois...
Não é hora de vender por valor fixado: 5500 ( actual:5180.00003000 / higher:5400.00000000)...


Preço muito alto (5199.18000000), vamos comprar depois...
24-4-2018  15:31:23 PM
Não é hora de vender por valor fixado: 5500 ( actual:5165.00000000 / higher:5400.00000000)...
24-4-2018  15:31:53 PM

Preço muito alto (5199.18000000), vamos comprar depois...

Não é hora de vender por valor fixado: 5500 ( actual:5165.00000000 / higher:5400.00000000)...

24-4-2018  15:32:23 PM

Preço muito alto (5199.18000000), vamos comprar depois...
Não é hora de vender por valor fixado: 5500 ( actual:5166.00000000 / higher:5400.00000000)...
24-4-2018  15:32:53 PM


Preço muito alto (5199.18000000), vamos comprar depois...
Não é hora de vender por valor fixado: 5500 ( actual:5165.00000000 / higher:5400.00000000)...

24-4-2018  15:33:23 PM
Preço muito alto (5229.99999000), vamos comprar depois...

Não é hora de vender por valor fixado: 5500 ( actual:5199.18000000 / higher:5400.00000000)...
24-4-2018  15:33:53 PM


Preço muito alto (5220.00000000), vamos comprar depois...
Não é hora de vender por valor fixado: 5500 ( actual:5199.18000000 / higher:5400.00000000)...

24-4-2018  15:34:23 PM

Preço muito alto (5220.00000000), vamos comprar depois...
Não é hora de vender por valor fixado: 5500 ( actual:5165.00000000 / higher:5400.00000000)...


Preço muito alto (5220.00000000), vamos comprar depois...
24-4-2018  15:34:53 PM
Não é hora de vender por valor fixado: 5500 ( actual:5165.00000000 / higher:5400.00000000)...


24-4-2018  15:35:23 PM
Preço muito alto (5220.00000000), vamos comprar depois...
Não é hora de vender por valor fixado: 5500 ( actual:5165.00000000 / higher:5400.00000000)...


Preço muito alto (5220.00000000), vamos comprar depois...
Não é hora de vender por valor fixado: 5500 ( actual:5165.00000000 / higher:5400.00000000)...
24-4-2018  15:35:53 PM
24-4-2018  15:36:23 PM

Preço muito alto (5220.00000000), vamos comprar depois...

Não é hora de vender por valor fixado: 5500 ( actual:5165.00000000 / higher:5400.00000000)...
24-4-2018  15:36:53 PM


Não é hora de vender por valor fixado: 5500 ( actual:5165.00000000 / higher:5400.00000000)...
Preço muito alto (5220.00000000), vamos comprar depois...


24-4-2018  15:37:23 PM
Preço muito alto (5151.00000000), vamos comprar depois...
Não é hora de vender por valor fixado: 5500 ( actual:5150.00000000 / higher:5400.00000000)...
24-4-2018  15:37:53 PM


Preço muito alto (5151.00000000), vamos comprar depois...
Não é hora de vender por valor fixado: 5500 ( actual:5150.00000000 / higher:5400.00000000)...

24-4-2018  15:38:23 PM
Preço muito alto (5151.00000000), vamos comprar depois...
Não é hora de vender por valor fixado: 5500 ( actual:5150.00000000 / higher:5400.00000000)...


24-4-2018  15:38:53 PM

Preço muito alto (5165.00000000), vamos comprar depois...
Não é hora de vender por valor fixado: 5500 ( actual:5151.00000000 / higher:5400.00000000)...

24-4-2018  15:39:32 PM
Preço muito alto (5200.00000000), vamos comprar depois...
Não é hora de vender por valor fixado: 5500 ( actual:5150.00000000 / higher:5400.00000000)...


24-4-2018  15:39:53 PM

Preço muito alto (5200.00000000), vamos comprar depois...
Não é hora de vender por valor fixado: 5500 ( actual:5150.00000000 / higher:5400.00000000)...
24-4-2018  15:40:23 PM

Preço muito alto (5200.00000000), vamos comprar depois...

Não é hora de vender por valor fixado: 5500 ( actual:5150.00000000 / higher:5400.00000000)...


Preço muito alto (5200.00000000), vamos comprar depois...
24-4-2018  15:40:53 PM
Não é hora de vender por valor fixado: 5500 ( actual:5150.00000000 / higher:5400.00000000)...

24-4-2018  15:41:23 PM

Preço muito alto (5200.00000000), vamos comprar depois...
Não é hora de vender por valor fixado: 5500 ( actual:5150.00000000 / higher:5400.00000000)...

24-4-2018  15:41:53 PM

Não é hora de vender por valor fixado: 5500 ( actual:5150.00000000 / higher:5400.00000000)...
Preço muito alto (5200.00000000), vamos comprar depois...

24-4-2018  15:42:23 PM

Não é hora de vender por valor fixado: 5500 ( actual:5150.00000000 / higher:5400.00000000)...
Preço muito alto (5200.00000000), vamos comprar depois...
24-4-2018  15:42:53 PM


Preço muito alto (5200.00000000), vamos comprar depois...
Não é hora de vender por valor fixado: 5500 ( actual:5150.00000000 / higher:5400.00000000)...
24-4-2018  15:43:24 PM


Preço muito alto (5200.00000000), vamos comprar depois...
Não é hora de vender por valor fixado: 5500 ( actual:5150.00000000 / higher:5400.00000000)...
24-4-2018  15:43:53 PM


Preço muito alto (5200.00000000), vamos comprar depois...
Não é hora de vender por valor fixado: 5500 ( actual:5150.00000000 / higher:5400.00000000)...
24-4-2018  15:44:23 PM

Preço muito alto (5200.00000000), vamos comprar depois...

Não é hora de vender por valor fixado: 5500 ( actual:5150.00000000 / higher:5400.00000000)...
24-4-2018  15:44:53 PM


Preço muito alto (5200.00000000), vamos comprar depois...
Não é hora de vender por valor fixado: 5500 ( actual:5150.00000000 / higher:5400.00000000)...


24-4-2018  15:45:23 PM
Preço muito alto (5200.00000000), vamos comprar depois...
Não é hora de vender por valor fixado: 5500 ( actual:5150.00000000 / higher:5400.00000000)...


Preço muito alto (5200.00000000), vamos comprar depois...
24-4-2018  15:45:53 PM
Não é hora de vender por valor fixado: 5500 ( actual:5150.00000000 / higher:5400.00000000)...

24-4-2018  15:46:23 PM
Preço muito alto (5200.00000000), vamos comprar depois...

Não é hora de vender por valor fixado: 5500 ( actual:5150.00000000 / higher:5400.00000000)...
24-4-2018  15:46:53 PM


Preço muito alto (5200.00000000), vamos comprar depois...
Não é hora de vender por valor fixado: 5500 ( actual:5150.00000000 / higher:5400.00000000)...

24-4-2018  15:47:23 PM

Preço muito alto (5199.00000000), vamos comprar depois...
Não é hora de vender por valor fixado: 5500 ( actual:5150.00000000 / higher:5400.00000000)...

24-4-2018  15:47:53 PM

Preço muito alto (5199.00000000), vamos comprar depois...
Não é hora de vender por valor fixado: 5500 ( actual:5153.00000000 / higher:5400.00000000)...

24-4-2018  15:48:23 PM

Não é hora de vender por valor fixado: 5500 ( actual:5153.00000000 / higher:5400.00000000)...
Preço muito alto (5199.00000000), vamos comprar depois...

24-4-2018  15:48:53 PM

Preço muito alto (5199.00000000), vamos comprar depois...
Não é hora de vender por valor fixado: 5500 ( actual:5153.00000000 / higher:5400.00000000)...


Preço muito alto (5199.00000000), vamos comprar depois...
24-4-2018  15:49:23 PM
Não é hora de vender por valor fixado: 5500 ( actual:5153.00000000 / higher:5400.00000000)...

24-4-2018  15:49:53 PM

Preço muito alto (5199.00000000), vamos comprar depois...
Não é hora de vender por valor fixado: 5500 ( actual:5153.00000000 / higher:5400.00000000)...
24-4-2018  15:50:23 PM


Preço muito alto (5199.00000000), vamos comprar depois...
Não é hora de vender por valor fixado: 5500 ( actual:5153.00000000 / higher:5400.00000000)...
24-4-2018  15:50:53 PM


Preço muito alto (5199.00000000), vamos comprar depois...
Não é hora de vender por valor fixado: 5500 ( actual:5153.00000000 / higher:5400.00000000)...

24-4-2018  15:51:23 PM
Preço muito alto (5199.00000000), vamos comprar depois...

Não é hora de vender por valor fixado: 5500 ( actual:5153.00000000 / higher:5400.00000000)...
24-4-2018  15:51:53 PM


Não é hora de vender por valor fixado: 5500 ( actual:5153.00000000 / higher:5400.00000000)...
Preço muito alto (5199.00000000), vamos comprar depois...
24-4-2018  15:52:23 PM


Preço muito alto (5199.00000000), vamos comprar depois...
Não é hora de vender por valor fixado: 5500 ( actual:5153.00000000 / higher:5400.00000000)...

24-4-2018  15:52:53 PM
Preço muito alto (5199.00000000), vamos comprar depois...

Não é hora de vender por valor fixado: 5500 ( actual:5153.00000000 / higher:5400.00000000)...
24-4-2018  15:53:24 PM


Preço muito alto (5199.00000000), vamos comprar depois...
Não é hora de vender por valor fixado: 5500 ( actual:5160.00000000 / higher:5400.00000000)...
24-4-2018  15:53:54 PM

Preço muito alto (5199.00000000), vamos comprar depois...
Não é hora de vender por valor fixado: 5500 ( actual:5160.00000000 / higher:5400.00000000)...

24-4-2018  15:54:23 PM


Preço muito alto (5200.00000000), vamos comprar depois...
Não é hora de vender por valor fixado: 5500 ( actual:5160.00000000 / higher:5400.00000000)...

24-4-2018  15:54:54 PM
Preço muito alto (5200.00000000), vamos comprar depois...
Não é hora de vender por valor fixado: 5500 ( actual:5160.00000000 / higher:5400.00000000)...



24-4-2018  15:55:23 PM
Preço muito alto (5200.00000000), vamos comprar depois...
Não é hora de vender por valor fixado: 5500 ( actual:5160.00000000 / higher:5400.00000000)...

24-4-2018  15:55:54 PM

Preço muito alto (5200.00000000), vamos comprar depois...
Não é hora de vender por valor fixado: 5500 ( actual:5160.00000000 / higher:5400.00000000)...

24-4-2018  15:56:23 PM

Preço muito alto (5200.00000000), vamos comprar depois...
Não é hora de vender por valor fixado: 5500 ( actual:5160.00000000 / higher:5400.00000000)...

24-4-2018  15:56:53 PM

Preço muito alto (5200.00000000), vamos comprar depois...
Não é hora de vender por valor fixado: 5500 ( actual:5160.00000000 / higher:5400.00000000)...
24-4-2018  15:57:23 PM

Preço muito alto (5200.00000000), vamos comprar depois...

Não é hora de vender por valor fixado: 5500 ( actual:5160.00000000 / higher:5400.00000000)...
24-4-2018  15:57:53 PM

Preço muito alto (5200.00000000), vamos comprar depois...

Não é hora de vender por valor fixado: 5500 ( actual:5160.00000000 / higher:5400.00000000)...
24-4-2018  15:58:23 PM


Preço muito alto (5200.00000000), vamos comprar depois...
Não é hora de vender por valor fixado: 5500 ( actual:5160.00000000 / higher:5400.00000000)...

24-4-2018  15:58:54 PM

Preço muito alto (5200.00000000), vamos comprar depois...
Não é hora de vender por valor fixado: 5500 ( actual:5160.00000000 / higher:5400.00000000)...
24-4-2018  15:59:23 PM


Preço muito alto (5200.00000000), vamos comprar depois...
Não é hora de vender por valor fixado: 5500 ( actual:5160.00000000 / higher:5400.00000000)...


24-4-2018  15:59:53 PM
Não é hora de vender por valor fixado: 5500 ( actual:5160.00000000 / higher:5400.00000000)...
Preço muito alto (5200.00000000), vamos comprar depois...
24-4-2018  16:00:23 PM


Preço muito alto (5200.00000000), vamos comprar depois...
Não é hora de vender por valor fixado: 5500 ( actual:5160.00000000 / higher:5400.00000000)...
24-4-2018  16:00:53 PM

Preço muito alto (5200.00000000), vamos comprar depois...

Não é hora de vender por valor fixado: 5500 ( actual:5199.00000000 / higher:5400.00000000)...

24-4-2018  16:01:23 PM

Preço muito alto (5200.00000000), vamos comprar depois...
Não é hora de vender por valor fixado: 5500 ( actual:5199.00000000 / higher:5400.00000000)...
24-4-2018  16:01:53 PM

Preço muito alto (5200.00000000), vamos comprar depois...

Não é hora de vender por valor fixado: 5500 ( actual:5199.00000000 / higher:5400.00000000)...
24-4-2018  16:02:24 PM


Preço muito alto (5200.00000000), vamos comprar depois...
Não é hora de vender por valor fixado: 5500 ( actual:5199.00000000 / higher:5400.00000000)...
24-4-2018  16:02:53 PM


Preço muito alto (5200.00000000), vamos comprar depois...
Não é hora de vender por valor fixado: 5500 ( actual:5199.00000000 / higher:5400.00000000)...

24-4-2018  16:03:24 PM
Preço muito alto (5200.00000000), vamos comprar depois...
Não é hora de vender por valor fixado: 5500 ( actual:5199.00000000 / higher:5400.00000000)...


24-4-2018  16:03:54 PM

Preço muito alto (5200.00000000), vamos comprar depois...
Não é hora de vender por valor fixado: 5500 ( actual:5199.00000000 / higher:5400.00000000)...
24-4-2018  16:04:24 PM


Não é hora de vender por valor fixado: 5500 ( actual:5199.00000000 / higher:5400.00000000)...
Preço muito alto (5200.00000000), vamos comprar depois...
24-4-2018  16:04:54 PM

Preço muito alto (5200.00000000), vamos comprar depois...

Não é hora de vender por valor fixado: 5500 ( actual:5199.00000000 / higher:5400.00000000)...
24-4-2018  16:05:24 PM


Preço muito alto (5200.00000000), vamos comprar depois...
Não é hora de vender por valor fixado: 5500 ( actual:5199.00000000 / higher:5400.00000000)...

24-4-2018  16:05:54 PM

Preço muito alto (5200.00000000), vamos comprar depois...
Não é hora de vender por valor fixado: 5500 ( actual:5199.00000000 / higher:5400.00000000)...

24-4-2018  16:06:24 PM

Não é hora de vender por valor fixado: 5500 ( actual:5199.00000000 / higher:5400.00000000)...
Preço muito alto (5200.00000000), vamos comprar depois...
24-4-2018  16:06:54 PM

Preço muito alto (5200.00000000), vamos comprar depois...
Não é hora de vender por valor fixado: 5500 ( actual:5199.00000000 / higher:5400.00000000)...

24-4-2018  16:07:24 PM

Preço muito alto (5200.00000000), vamos comprar depois...

Não é hora de vender por valor fixado: 5500 ( actual:5199.00000000 / higher:5400.00000000)...
24-4-2018  16:07:54 PM


Preço muito alto (5200.00000000), vamos comprar depois...
Não é hora de vender por valor fixado: 5500 ( actual:5199.00000000 / higher:5400.00000000)...

24-4-2018  16:08:24 PM

Preço muito alto (5200.00000000), vamos comprar depois...
Não é hora de vender por valor fixado: 5500 ( actual:5199.00000000 / higher:5400.00000000)...
24-4-2018  16:08:54 PM

Preço muito alto (5200.00000000), vamos comprar depois...

Não é hora de vender por valor fixado: 5500 ( actual:5199.00000000 / higher:5400.00000000)...
24-4-2018  16:09:24 PM


Preço muito alto (5199.00000000), vamos comprar depois...
Não é hora de vender por valor fixado: 5500 ( actual:5160.00000000 / higher:5400.00000000)...

24-4-2018  16:09:54 PM

Preço muito alto (5199.00000000), vamos comprar depois...
Não é hora de vender por valor fixado: 5500 ( actual:5160.00000000 / higher:5400.00000000)...


Preço muito alto (5199.00000000), vamos comprar depois...
24-4-2018  16:10:24 PM
Não é hora de vender por valor fixado: 5500 ( actual:5160.00000000 / higher:5400.00000000)...

24-4-2018  16:10:54 PM

Preço muito alto (5198.00000000), vamos comprar depois...
Não é hora de vender por valor fixado: 5500 ( actual:5160.00000000 / higher:5400.00000000)...

24-4-2018  16:11:24 PM

Preço muito alto (5198.00000000), vamos comprar depois...
Não é hora de vender por valor fixado: 5500 ( actual:5160.00000000 / higher:5400.00000000)...
24-4-2018  16:11:54 PM


Preço muito alto (5198.00000000), vamos comprar depois...
Não é hora de vender por valor fixado: 5500 ( actual:5160.00000000 / higher:5400.00000000)...
24-4-2018  16:12:24 PM

Preço muito alto (5198.00000000), vamos comprar depois...
Não é hora de vender por valor fixado: 5500 ( actual:5160.00000000 / higher:5400.00000000)...

24-4-2018  16:12:54 PM

Preço muito alto (5198.00000000), vamos comprar depois...

Não é hora de vender por valor fixado: 5500 ( actual:5160.00000000 / higher:5400.00000000)...

24-4-2018  16:13:24 PM

Não é hora de vender por valor fixado: 5500 ( actual:5160.00000000 / higher:5400.00000000)...
Preço muito alto (5198.00000000), vamos comprar depois...
24-4-2018  16:13:54 PM

Preço muito alto (5198.00000000), vamos comprar depois...
Não é hora de vender por valor fixado: 5500 ( actual:5160.00000000 / higher:5400.00000000)...


24-4-2018  16:14:24 PM

Preço muito alto (5198.00000000), vamos comprar depois...
Não é hora de vender por valor fixado: 5500 ( actual:5160.00000000 / higher:5400.00000000)...
24-4-2018  16:14:54 PM

Preço muito alto (5198.00000000), vamos comprar depois...

Não é hora de vender por valor fixado: 5500 ( actual:5160.00000000 / higher:5400.00000000)...

24-4-2018  16:15:24 PM
Preço muito alto (5198.00000000), vamos comprar depois...
Não é hora de vender por valor fixado: 5500 ( actual:5160.00000000 / higher:5400.00000000)...


24-4-2018  16:15:54 PM

Não é hora de vender por valor fixado: 5500 ( actual:5160.00000000 / higher:5400.00000000)...
Preço muito alto (5198.00000000), vamos comprar depois...

24-4-2018  16:16:24 PM
Preço muito alto (5198.00000000), vamos comprar depois...

Não é hora de vender por valor fixado: 5500 ( actual:5160.00000000 / higher:5400.00000000)...

24-4-2018  16:16:54 PM

Não é hora de vender por valor fixado: 5500 ( actual:5160.00000000 / higher:5400.00000000)...
Preço muito alto (5198.00000000), vamos comprar depois...
24-4-2018  16:17:24 PM

Preço muito alto (5197.00000000), vamos comprar depois...

Não é hora de vender por valor fixado: 5500 ( actual:5153.00000000 / higher:5400.00000000)...
24-4-2018  16:17:54 PM


Preço muito alto (5197.00000000), vamos comprar depois...
Não é hora de vender por valor fixado: 5500 ( actual:5153.00000000 / higher:5400.00000000)...

24-4-2018  16:18:24 PM

Preço muito alto (5197.00000000), vamos comprar depois...
Não é hora de vender por valor fixado: 5500 ( actual:5153.00000000 / higher:5400.00000000)...

24-4-2018  16:18:54 PM

Preço muito alto (5197.00000000), vamos comprar depois...
Não é hora de vender por valor fixado: 5500 ( actual:5153.00000000 / higher:5400.00000000)...
24-4-2018  16:19:24 PM


Preço muito alto (5197.00000000), vamos comprar depois...
Não é hora de vender por valor fixado: 5500 ( actual:5153.00000000 / higher:5400.00000000)...
24-4-2018  16:19:54 PM


Preço muito alto (5153.00000000), vamos comprar depois...
Não é hora de vender por valor fixado: 5500 ( actual:5152.00000000 / higher:5400.00000000)...
24-4-2018  16:20:24 PM


Preço muito alto (5187.62000000), vamos comprar depois...
Não é hora de vender por valor fixado: 5500 ( actual:5152.00000000 / higher:5400.00000000)...

24-4-2018  16:20:54 PM

Preço muito alto (5187.62000000), vamos comprar depois...
Não é hora de vender por valor fixado: 5500 ( actual:5152.00000000 / higher:5400.00000000)...
24-4-2018  16:22:54 PM


Preço muito alto (5180.00000000), vamos comprar depois...
Não é hora de vender por valor fixado: 5500 ( actual:5153.00000000 / higher:5400.00000000)...

24-4-2018  16:23:29 PM

Preço muito alto (5180.00000000), vamos comprar depois...
Não é hora de vender por valor fixado: 5500 ( actual:5153.00000000 / higher:5400.00000000)...

24-4-2018  16:23:54 PM
Preço muito alto (5180.00000000), vamos comprar depois...

Não é hora de vender por valor fixado: 5500 ( actual:5153.00000000 / higher:5400.00000000)...

24-4-2018  16:24:24 PM

Preço muito alto (5180.00000000), vamos comprar depois...
Não é hora de vender por valor fixado: 5500 ( actual:5153.00000000 / higher:5400.00000000)...
24-4-2018  16:24:54 PM


Preço muito alto (5180.00000000), vamos comprar depois...
Não é hora de vender por valor fixado: 5500 ( actual:5153.00000000 / higher:5400.00000000)...

24-4-2018  16:25:24 PM

Preço muito alto (5180.00000000), vamos comprar depois...
Não é hora de vender por valor fixado: 5500 ( actual:5153.00000000 / higher:5400.00000000)...

24-4-2018  16:25:54 PM

Preço muito alto (5178.00000000), vamos comprar depois...
Não é hora de vender por valor fixado: 5500 ( actual:5153.00000000 / higher:5400.00000000)...

24-4-2018  16:26:24 PM

Preço muito alto (5178.00000000), vamos comprar depois...
Não é hora de vender por valor fixado: 5500 ( actual:5153.00000000 / higher:5400.00000000)...
24-4-2018  16:26:54 PM


Preço muito alto (5178.00000000), vamos comprar depois...
Não é hora de vender por valor fixado: 5500 ( actual:5153.00000000 / higher:5400.00000000)...

24-4-2018  16:27:24 PM

Preço muito alto (5178.00000000), vamos comprar depois...
Não é hora de vender por valor fixado: 5500 ( actual:5153.00000000 / higher:5400.00000000)...

24-4-2018  16:27:54 PM

Preço muito alto (5178.00000000), vamos comprar depois...
Não é hora de vender por valor fixado: 5500 ( actual:5153.00000000 / higher:5400.00000000)...
24-4-2018  16:28:24 PM


Preço muito alto (5178.00000000), vamos comprar depois...
Não é hora de vender por valor fixado: 5500 ( actual:5153.00000000 / higher:5400.00000000)...
24-4-2018  16:28:54 PM


Preço muito alto (5178.00000000), vamos comprar depois...
Não é hora de vender por valor fixado: 5500 ( actual:5153.00000000 / higher:5400.00000000)...

24-4-2018  16:29:24 PM

Preço muito alto (5178.00000000), vamos comprar depois...
Não é hora de vender por valor fixado: 5500 ( actual:5153.00000000 / higher:5400.00000000)...

24-4-2018  16:29:54 PM

Preço muito alto (5178.00000000), vamos comprar depois...
Não é hora de vender por valor fixado: 5500 ( actual:5153.00000000 / higher:5400.00000000)...
24-4-2018  16:30:24 PM


Preço muito alto (5178.00000000), vamos comprar depois...
Não é hora de vender por valor fixado: 5500 ( actual:5153.00000000 / higher:5400.00000000)...

24-4-2018  16:30:54 PM

Preço muito alto (5178.00000000), vamos comprar depois...
Não é hora de vender por valor fixado: 5500 ( actual:5153.00000000 / higher:5400.00000000)...


24-4-2018  16:31:24 PM
Preço muito alto (5178.00000000), vamos comprar depois...
Não é hora de vender por valor fixado: 5500 ( actual:5153.00000000 / higher:5400.00000000)...
24-4-2018  16:31:54 PM

Preço muito alto (5178.00000000), vamos comprar depois...

Não é hora de vender por valor fixado: 5500 ( actual:5153.00000000 / higher:5400.00000000)...

24-4-2018  16:32:24 PM

Preço muito alto (5170.00000000), vamos comprar depois...
Não é hora de vender por valor fixado: 5500 ( actual:5153.10000000 / higher:5400.00000000)...
24-4-2018  16:32:54 PM


Preço muito alto (5170.00000000), vamos comprar depois...
Não é hora de vender por valor fixado: 5500 ( actual:5153.10000000 / higher:5400.00000000)...


24-4-2018  16:33:24 PM
Preço muito alto (5170.00000000), vamos comprar depois...
Não é hora de vender por valor fixado: 5500 ( actual:5153.10000000 / higher:5400.00000000)...
24-4-2018  16:33:54 PM


Preço muito alto (5170.00000000), vamos comprar depois...
Não é hora de vender por valor fixado: 5500 ( actual:5153.10000000 / higher:5400.00000000)...
24-4-2018  16:34:24 PM


Preço muito alto (5170.00000000), vamos comprar depois...
Não é hora de vender por valor fixado: 5500 ( actual:5153.10000000 / higher:5400.00000000)...
24-4-2018  16:34:54 PM


Preço muito alto (5170.00000000), vamos comprar depois...
Não é hora de vender por valor fixado: 5500 ( actual:5153.10000000 / higher:5400.00000000)...

24-4-2018  16:35:24 PM

Preço muito alto (5150.00000000), vamos comprar depois...
Não é hora de vender por valor fixado: 5500 ( actual:5130.00000000 / higher:5400.00000000)...

24-4-2018  16:35:54 PM

Preço muito alto (5150.00000000), vamos comprar depois...
Não é hora de vender por valor fixado: 5500 ( actual:5130.00000000 / higher:5400.00000000)...

24-4-2018  16:36:24 PM

Preço muito alto (5149.00000000), vamos comprar depois...
Não é hora de vender por valor fixado: 5500 ( actual:5130.00000000 / higher:5400.00000000)...

24-4-2018  16:36:54 PM

Preço muito alto (5149.00000000), vamos comprar depois...
Não é hora de vender por valor fixado: 5500 ( actual:5120.00000000 / higher:5400.00000000)...

24-4-2018  16:37:24 PM

Preço muito alto (5150.00000000), vamos comprar depois...
Não é hora de vender por valor fixado: 5500 ( actual:5120.00000000 / higher:5400.00000000)...

24-4-2018  16:37:54 PM
Preço muito alto (5150.00000000), vamos comprar depois...

Não é hora de vender por valor fixado: 5500 ( actual:5120.00000000 / higher:5400.00000000)...
24-4-2018  16:38:24 PM


Preço muito alto (5150.00000000), vamos comprar depois...
Não é hora de vender por valor fixado: 5500 ( actual:5120.00000000 / higher:5400.00000000)...
24-4-2018  16:38:54 PM


Preço muito alto (5150.00000000), vamos comprar depois...
Não é hora de vender por valor fixado: 5500 ( actual:5120.00000000 / higher:5400.00000000)...
24-4-2018  16:39:24 PM


Preço muito alto (5150.00000000), vamos comprar depois...
Não é hora de vender por valor fixado: 5500 ( actual:5120.00000000 / higher:5400.00000000)...
24-4-2018  16:39:54 PM


Preço muito alto (5150.00000000), vamos comprar depois...
Não é hora de vender por valor fixado: 5500 ( actual:5125.00000000 / higher:5400.00000000)...
24-4-2018  16:40:24 PM


Preço muito alto (5150.00000000), vamos comprar depois...
Não é hora de vender por valor fixado: 5500 ( actual:5125.00000000 / higher:5400.00000000)...
24-4-2018  16:40:54 PM


Preço muito alto (5150.00000000), vamos comprar depois...
Não é hora de vender por valor fixado: 5500 ( actual:5125.00000000 / higher:5400.00000000)...

24-4-2018  16:41:24 PM

Preço muito alto (5150.00000000), vamos comprar depois...
Não é hora de vender por valor fixado: 5500 ( actual:5125.00000000 / higher:5400.00000000)...

24-4-2018  16:41:54 PM

Preço muito alto (5150.00000000), vamos comprar depois...
Não é hora de vender por valor fixado: 5500 ( actual:5120.00000000 / higher:5400.00000000)...
24-4-2018  16:42:24 PM

Preço muito alto (5170.00000000), vamos comprar depois...

Não é hora de vender por valor fixado: 5500 ( actual:5150.00000000 / higher:5400.00000000)...

24-4-2018  16:42:54 PM

Preço muito alto (5180.00000000), vamos comprar depois...
Não é hora de vender por valor fixado: 5500 ( actual:5150.00000000 / higher:5400.00000000)...
24-4-2018  16:43:24 PM


Preço muito alto (5180.00000000), vamos comprar depois...
Não é hora de vender por valor fixado: 5500 ( actual:5120.00001000 / higher:5400.00000000)...
24-4-2018  16:43:54 PM


Preço muito alto (5180.00000000), vamos comprar depois...
Não é hora de vender por valor fixado: 5500 ( actual:5120.00001000 / higher:5400.00000000)...

24-4-2018  16:44:25 PM

Preço muito alto (5180.00000000), vamos comprar depois...
Não é hora de vender por valor fixado: 5500 ( actual:5120.00001000 / higher:5400.00000000)...
24-4-2018  16:44:54 PM


Preço muito alto (5180.00000000), vamos comprar depois...
Não é hora de vender por valor fixado: 5500 ( actual:5120.00001000 / higher:5400.00000000)...
24-4-2018  16:45:24 PM

Preço muito alto (5180.00000000), vamos comprar depois...

Não é hora de vender por valor fixado: 5500 ( actual:5120.00001000 / higher:5400.00000000)...

24-4-2018  16:45:54 PM

Preço muito alto (5180.00000000), vamos comprar depois...
Não é hora de vender por valor fixado: 5500 ( actual:5150.00000000 / higher:5400.00000000)...

24-4-2018  16:46:24 PM

Preço muito alto (5180.00000000), vamos comprar depois...
Não é hora de vender por valor fixado: 5500 ( actual:5151.00000000 / higher:5400.00000000)...

24-4-2018  16:46:54 PM

Preço muito alto (5180.00000000), vamos comprar depois...
Não é hora de vender por valor fixado: 5500 ( actual:5151.00000000 / higher:5400.00000000)...

24-4-2018  16:47:24 PM
Preço muito alto (5180.00000000), vamos comprar depois...

Não é hora de vender por valor fixado: 5500 ( actual:5151.00000000 / higher:5400.00000000)...
24-4-2018  16:47:54 PM


Preço muito alto (5180.00000000), vamos comprar depois...
Não é hora de vender por valor fixado: 5500 ( actual:5151.00000000 / higher:5400.00000000)...
24-4-2018  16:48:24 PM


Preço muito alto (5180.00000000), vamos comprar depois...
Não é hora de vender por valor fixado: 5500 ( actual:5151.00000000 / higher:5400.00000000)...

24-4-2018  16:48:54 PM
Preço muito alto (5180.00000000), vamos comprar depois...

Não é hora de vender por valor fixado: 5500 ( actual:5151.00000000 / higher:5400.00000000)...
24-4-2018  16:49:24 PM

Preço muito alto (5180.00000000), vamos comprar depois...
Não é hora de vender por valor fixado: 5500 ( actual:5151.00000000 / higher:5400.00000000)...


24-4-2018  16:49:54 PM

Preço muito alto (5180.00000000), vamos comprar depois...
Não é hora de vender por valor fixado: 5500 ( actual:5151.00000000 / higher:5400.00000000)...

24-4-2018  16:50:24 PM

Preço muito alto (5187.62000000), vamos comprar depois...
Não é hora de vender por valor fixado: 5500 ( actual:5151.00000000 / higher:5400.00000000)...
24-4-2018  16:50:54 PM

Preço muito alto (5187.62000000), vamos comprar depois...

Não é hora de vender por valor fixado: 5500 ( actual:5180.00000000 / higher:5400.00000000)...

24-4-2018  16:51:24 PM

Preço muito alto (5187.62000000), vamos comprar depois...
Não é hora de vender por valor fixado: 5500 ( actual:5151.00000000 / higher:5400.00000000)...

24-4-2018  16:51:54 PM

Preço muito alto (5187.62000000), vamos comprar depois...
Não é hora de vender por valor fixado: 5500 ( actual:5151.50000000 / higher:5400.00000000)...
24-4-2018  16:52:24 PM

Preço muito alto (5187.62000000), vamos comprar depois...

Não é hora de vender por valor fixado: 5500 ( actual:5152.11011000 / higher:5400.00000000)...

24-4-2018  16:52:54 PM

Preço muito alto (5200.00000000), vamos comprar depois...
Não é hora de vender por valor fixado: 5500 ( actual:5152.11011000 / higher:5400.00000000)...
24-4-2018  16:53:24 PM


Preço muito alto (5200.00000000), vamos comprar depois...
Não é hora de vender por valor fixado: 5500 ( actual:5152.11011000 / higher:5400.00000000)...

24-4-2018  16:53:54 PM

Preço muito alto (5200.00000000), vamos comprar depois...
Não é hora de vender por valor fixado: 5500 ( actual:5152.11011000 / higher:5400.00000000)...
24-4-2018  16:54:24 PM

Preço muito alto (5200.00000000), vamos comprar depois...

Não é hora de vender por valor fixado: 5500 ( actual:5152.11011000 / higher:5400.00000000)...
24-4-2018  16:54:54 PM


Preço muito alto (5200.00000000), vamos comprar depois...
Não é hora de vender por valor fixado: 5500 ( actual:5152.11011000 / higher:5400.00000000)...
24-4-2018  16:55:25 PM


Preço muito alto (5200.00000000), vamos comprar depois...
Não é hora de vender por valor fixado: 5500 ( actual:5152.11011000 / higher:5400.00000000)...

24-4-2018  16:55:54 PM

Preço muito alto (5200.00000000), vamos comprar depois...
Não é hora de vender por valor fixado: 5500 ( actual:5152.11011000 / higher:5400.00000000)...

24-4-2018  16:56:24 PM

Preço muito alto (5200.00000000), vamos comprar depois...
Não é hora de vender por valor fixado: 5500 ( actual:5152.11011000 / higher:5400.00000000)...

24-4-2018  16:56:54 PM

Preço muito alto (5200.00000000), vamos comprar depois...
Não é hora de vender por valor fixado: 5500 ( actual:5152.11011000 / higher:5400.00000000)...


24-4-2018  16:57:24 PM
Preço muito alto (5200.00000000), vamos comprar depois...
Não é hora de vender por valor fixado: 5500 ( actual:5153.10000000 / higher:5400.00000000)...

24-4-2018  16:57:54 PM

Preço muito alto (5200.00000000), vamos comprar depois...
Não é hora de vender por valor fixado: 5500 ( actual:5153.10001000 / higher:5400.00000000)...


24-4-2018  16:58:24 PM
Preço muito alto (5200.00000000), vamos comprar depois...
Não é hora de vender por valor fixado: 5500 ( actual:5153.10000000 / higher:5400.00000000)...

24-4-2018  16:58:54 PM

Preço muito alto (5199.99999000), vamos comprar depois...
Não é hora de vender por valor fixado: 5500 ( actual:5154.00001000 / higher:5400.00000000)...

24-4-2018  16:59:24 PM

Preço muito alto (5199.99999000), vamos comprar depois...
Não é hora de vender por valor fixado: 5500 ( actual:5154.00001000 / higher:5400.00000000)...

24-4-2018  16:59:54 PM

Preço muito alto (5199.99999000), vamos comprar depois...
Não é hora de vender por valor fixado: 5500 ( actual:5154.00001000 / higher:5400.00000000)...

24-4-2018  17:00:25 PM

Preço muito alto (5199.99999000), vamos comprar depois...
Não é hora de vender por valor fixado: 5500 ( actual:5155.00001000 / higher:5400.00000000)...


24-4-2018  17:00:55 PM
Preço muito alto (5199.99999000), vamos comprar depois...
Não é hora de vender por valor fixado: 5500 ( actual:5155.00001000 / higher:5400.00000000)...

24-4-2018  17:01:24 PM

Preço muito alto (5199.99999000), vamos comprar depois...
Não é hora de vender por valor fixado: 5500 ( actual:5152.11011000 / higher:5400.00000000)...
24-4-2018  17:01:54 PM


Preço muito alto (5199.99999000), vamos comprar depois...
Não é hora de vender por valor fixado: 5500 ( actual:5152.11011000 / higher:5400.00000000)...

24-4-2018  17:02:24 PM

Preço muito alto (5199.99999000), vamos comprar depois...
Não é hora de vender por valor fixado: 5500 ( actual:5152.11011000 / higher:5400.00000000)...
24-4-2018  17:02:54 PM


Preço muito alto (5199.03000000), vamos comprar depois...
Não é hora de vender por valor fixado: 5500 ( actual:5152.11011000 / higher:5400.00000000)...


24-4-2018  17:03:24 PM
Preço muito alto (5199.03000000), vamos comprar depois...
Não é hora de vender por valor fixado: 5500 ( actual:5152.11011000 / higher:5400.00000000)...

24-4-2018  17:03:54 PM

Preço muito alto (5199.03000000), vamos comprar depois...
Não é hora de vender por valor fixado: 5500 ( actual:5152.11011000 / higher:5400.00000000)...
24-4-2018  17:04:24 PM


Preço muito alto (5199.03000000), vamos comprar depois...
Não é hora de vender por valor fixado: 5500 ( actual:5152.11011000 / higher:5400.00000000)...
24-4-2018  17:04:55 PM


Preço muito alto (5199.03000000), vamos comprar depois...
Não é hora de vender por valor fixado: 5500 ( actual:5152.11011000 / higher:5400.00000000)...
24-4-2018  17:05:25 PM


Preço muito alto (5199.03000000), vamos comprar depois...
Não é hora de vender por valor fixado: 5500 ( actual:5152.11011000 / higher:5400.00000000)...

24-4-2018  17:05:55 PM

Preço muito alto (5199.03000000), vamos comprar depois...
Não é hora de vender por valor fixado: 5500 ( actual:5153.00000000 / higher:5400.00000000)...

24-4-2018  17:06:24 PM

Preço muito alto (5199.99999000), vamos comprar depois...
Não é hora de vender por valor fixado: 5500 ( actual:5153.00001000 / higher:5400.00000000)...

24-4-2018  17:06:54 PM

Preço muito alto (5199.99999000), vamos comprar depois...
Não é hora de vender por valor fixado: 5500 ( actual:5153.00001000 / higher:5400.00000000)...

24-4-2018  17:07:24 PM

Preço muito alto (5199.99999000), vamos comprar depois...
Não é hora de vender por valor fixado: 5500 ( actual:5153.00001000 / higher:5400.00000000)...

24-4-2018  17:07:55 PM

Preço muito alto (5199.00000000), vamos comprar depois...
Não é hora de vender por valor fixado: 5500 ( actual:5153.00000000 / higher:5400.00000000)...

24-4-2018  17:08:25 PM

Preço muito alto (5199.00000000), vamos comprar depois...
Não é hora de vender por valor fixado: 5500 ( actual:5153.00000000 / higher:5400.00000000)...

24-4-2018  17:08:54 PM

Preço muito alto (5219.99000000), vamos comprar depois...
Não é hora de vender por valor fixado: 5500 ( actual:5153.00001000 / higher:5400.00000000)...

24-4-2018  17:09:24 PM
Preço muito alto (5219.98999000), vamos comprar depois...

Não é hora de vender por valor fixado: 5500 ( actual:5153.00001000 / higher:5400.00000000)...

24-4-2018  17:09:54 PM

Preço muito alto (5219.98999000), vamos comprar depois...
Não é hora de vender por valor fixado: 5500 ( actual:5153.00001000 / higher:5400.00000000)...

24-4-2018  17:10:24 PM
Preço muito alto (5219.98999000), vamos comprar depois...

Não é hora de vender por valor fixado: 5500 ( actual:5153.00001000 / higher:5400.00000000)...

24-4-2018  17:10:54 PM

Preço muito alto (5219.98999000), vamos comprar depois...
Não é hora de vender por valor fixado: 5500 ( actual:5153.00001000 / higher:5400.00000000)...


24-4-2018  17:11:25 PM
Preço muito alto (5219.98999000), vamos comprar depois...
Não é hora de vender por valor fixado: 5500 ( actual:5153.00001000 / higher:5400.00000000)...
24-4-2018  17:11:55 PM


Preço muito alto (5219.98999000), vamos comprar depois...
Não é hora de vender por valor fixado: 5500 ( actual:5153.00001000 / higher:5400.00000000)...

24-4-2018  17:12:25 PM

Não é hora de vender por valor fixado: 5500 ( actual:5153.00001000 / higher:5400.00000000)...
Preço muito alto (5219.98999000), vamos comprar depois...

24-4-2018  17:12:55 PM

Preço muito alto (5218.99999000), vamos comprar depois...
Não é hora de vender por valor fixado: 5500 ( actual:5153.00001000 / higher:5400.00000000)...

24-4-2018  17:13:25 PM

Preço muito alto (5218.00000000), vamos comprar depois...
Não é hora de vender por valor fixado: 5500 ( actual:5152.11011000 / higher:5400.00000000)...

24-4-2018  17:13:55 PM

Preço muito alto (5218.00000000), vamos comprar depois...
Não é hora de vender por valor fixado: 5500 ( actual:5153.22000000 / higher:5400.00000000)...

24-4-2018  17:14:25 PM

Não é hora de vender por valor fixado: 5500 ( actual:5153.22001000 / higher:5400.00000000)...
Preço muito alto (5218.00000000), vamos comprar depois...

24-4-2018  17:14:55 PM
Preço muito alto (5217.99999000), vamos comprar depois...

Não é hora de vender por valor fixado: 5500 ( actual:5153.22001000 / higher:5400.00000000)...
24-4-2018  17:15:25 PM


Preço muito alto (5217.99000000), vamos comprar depois...
Não é hora de vender por valor fixado: 5500 ( actual:5153.22000000 / higher:5400.00000000)...
